<?xml version="1.0" encoding="UTF-8"?>
<coverage generated="1745292592752" clover="3.2.0">
  <project timestamp="1745292592752" name="All files">
    <metrics statements="7" coveredstatements="7" conditionals="3" coveredconditionals="1" methods="6" coveredmethods="3" elements="16" coveredelements="11" complexity="0" loc="7" ncloc="7" packages="1" files="1" classes="1"/>
    <file name="index.js" path="D:\Projects\Web\Battleship\src\index.js">
      <metrics statements="7" coveredstatements="7" conditionals="3" coveredconditionals="1" methods="6" coveredmethods="3"/>
      <line num="3" count="1" type="stmt"/>
      <line num="4" count="1" type="stmt"/>
      <line num="8" count="1" type="cond" truecount="1" falsecount="1"/>
      <line num="10" count="1" type="stmt"/>
      <line num="12" count="1" type="stmt"/>
      <line num="16" count="1" type="stmt"/>
      <line num="24" count="1" type="stmt"/>
    </file>
  </project>
</coverage>
